--------------------------------------------------------------------------------
Release 11.1 Trace  (nt)
Copyright (c) 1995-2009 Xilinx, Inc.  All rights reserved.

C:\Xilinx\11.1\ISE\bin\nt\unwrapped\trce.exe -ise
//dc3.ad.dc.uba.ar/RedirectedFolders06/ecastellano/Desktop/fpga/contadorBinarioUniversal/contadorBinarioUniversal.ise
-intstyle ise -v 3 -s 4 -fastpaths -xml contadorBinarioUniversal.twx
contadorBinarioUniversal.ncd -o contadorBinarioUniversal.twr
contadorBinarioUniversal.pcf

Design file:              contadorBinarioUniversal.ncd
Physical constraint file: contadorBinarioUniversal.pcf
Device,package,speed:     xc3s50,pq208,-4 (PRODUCTION 1.39 2009-03-03)
Report level:             verbose report

Environment Variable      Effect 
--------------------      ------ 
NONE                      No environment variables were set
--------------------------------------------------------------------------------

INFO:Timing:2698 - No timing constraints found, doing default enumeration.
INFO:Timing:2752 - To get complete path coverage, use the unconstrained paths 
   option. All paths that are not constrained will be reported in the 
   unconstrained paths section(s) of the report.
INFO:Timing:3339 - The clock-to-out numbers in this timing report are based on 
   a 50 Ohm transmission line loading model.  For the details of this model, 
   and for more information on accounting for different loading conditions, 
   please see the device datasheet.



Data Sheet report:
-----------------
All values displayed in nanoseconds (ns)

Setup/Hold to clock clk
------------+------------+------------+------------------+--------+
            |  Setup to  |  Hold to   |                  | Clock  |
Source      | clk (edge) | clk (edge) |Internal Clock(s) | Phase  |
------------+------------+------------+------------------+--------+
d<0>        |    0.810(R)|    0.477(R)|clk_BUFGP         |   0.000|
d<1>        |    1.706(R)|   -0.247(R)|clk_BUFGP         |   0.000|
d<2>        |    1.014(R)|    0.305(R)|clk_BUFGP         |   0.000|
d<3>        |    0.974(R)|    0.313(R)|clk_BUFGP         |   0.000|
d<4>        |    2.552(R)|   -0.493(R)|clk_BUFGP         |   0.000|
d<5>        |    2.160(R)|   -0.439(R)|clk_BUFGP         |   0.000|
d<6>        |    2.050(R)|   -0.207(R)|clk_BUFGP         |   0.000|
d<7>        |    1.930(R)|   -0.279(R)|clk_BUFGP         |   0.000|
en          |    5.439(R)|    0.075(R)|clk_BUFGP         |   0.000|
load        |    4.248(R)|    0.328(R)|clk_BUFGP         |   0.000|
syn_clr     |    3.524(R)|    0.155(R)|clk_BUFGP         |   0.000|
up          |    5.796(R)|    0.377(R)|clk_BUFGP         |   0.000|
------------+------------+------------+------------------+--------+

Clock clk to Pad
------------+------------+------------------+--------+
            | clk (edge) |                  | Clock  |
Destination |   to PAD   |Internal Clock(s) | Phase  |
------------+------------+------------------+--------+
max_tick    |   12.106(R)|clk_BUFGP         |   0.000|
min_tick    |   11.698(R)|clk_BUFGP         |   0.000|
q<0>        |    8.563(R)|clk_BUFGP         |   0.000|
q<1>        |    9.762(R)|clk_BUFGP         |   0.000|
q<2>        |   10.189(R)|clk_BUFGP         |   0.000|
q<3>        |    8.528(R)|clk_BUFGP         |   0.000|
q<4>        |    9.747(R)|clk_BUFGP         |   0.000|
q<5>        |    9.352(R)|clk_BUFGP         |   0.000|
q<6>        |    8.831(R)|clk_BUFGP         |   0.000|
q<7>        |    8.558(R)|clk_BUFGP         |   0.000|
------------+------------+------------------+--------+

Clock to Setup on destination clock clk
---------------+---------+---------+---------+---------+
               | Src:Rise| Src:Fall| Src:Rise| Src:Fall|
Source Clock   |Dest:Rise|Dest:Rise|Dest:Fall|Dest:Fall|
---------------+---------+---------+---------+---------+
clk            |    4.597|         |         |         |
---------------+---------+---------+---------+---------+


Analysis completed Wed Sep 14 12:17:53 2011 
--------------------------------------------------------------------------------

Trace Settings:
-------------------------
Trace Settings 

Peak Memory Usage: 73 MB



