Running: C:\Xilinx\11.1\ISE\bin\nt\unwrapped\fuse.exe -ise D:/fpga/comparador/comparador.ise -intstyle ise -incremental -lib unisims_ver -lib unimacro_ver -lib xilinxcorelib_ver -o D:/fpga/comparador/test_isim_beh.exe -prj D:/fpga/comparador/test_beh.prj test glbl 
Number of CPUs detected in this system: 2
Turning on mult-threading, number of parallel sub-compilation jobs: 4 
Determining compilation order of HDL files
Analyzing Verilog file "D:/fpga/comparador/comparador1.v" into library work
Analyzing Verilog file "D:/fpga/comparador/comparador.v" into library work
Analyzing Verilog file "D:/fpga/comparador/test.v" into library work
Analyzing Verilog file "C:/Xilinx/11.1/ISE/verilog/src/glbl.v" into library work
Starting static elaboration
Completed static elaboration
Fuse Memory Usage: 57200 KB
Fuse CPU Usage: 140 ms
Compiling module comparador1
Compiling module comparador
Compiling module test
Compiling module glbl
Time Resolution for simulation is 1ps.
Waiting for 1 sub-compilation(s) to finish...
Compiled 4 Verilog Units
Built simulation executable D:/fpga/comparador/test_isim_beh.exe
Fuse Memory Usage: 60532 KB
Fuse CPU Usage: 155 ms
